<?xml version="1.0" encoding="UTF-8"?>
<!-- Generated by org.testng.reporters.JUnitReportReporter -->
<testsuite hostname="IN00302" name="com.SSPWorldWide.Framework.Adviser.Helper.WebdriverHelper" tests="1" failures="0" timestamp="27 Sep 2017 09:15:53 GMT" time="19.346" errors="0">
  <testcase name="executeTest" time="19.346" classname="com.SSPWorldWide.Framework.Adviser.Helper.WebdriverHelper"/>
</testsuite> <!-- com.SSPWorldWide.Framework.Adviser.Helper.WebdriverHelper -->
