<?xml version="1.0" encoding="UTF-8"?>
<testsuite xmlns:xsi="http://www.w3.org/2001/XMLSchema-instance" xsi:noNamespaceSchemaLocation="https://maven.apache.org/surefire/maven-surefire-plugin/xsd/surefire-test-report.xsd" name="TestSuite" time="115.326" tests="1" errors="0" skipped="0" failures="0">
  <properties>
    <property name="sun.desktop" value="windows"/>
    <property name="awt.toolkit" value="sun.awt.windows.WToolkit"/>
    <property name="file.encoding.pkg" value="sun.io"/>
    <property name="java.specification.version" value="1.8"/>
    <property name="sun.cpu.isalist" value="amd64"/>
    <property name="sun.jnu.encoding" value="Cp1252"/>
    <property name="java.class.path" value="C:\Vivek\Automation\KeywordDriven\target\test-classes;C:\Vivek\Automation\KeywordDriven\target\classes;C:\Users\vivek.prakash\.m2\repository\org\seleniumhq\selenium\selenium-java\3.10.0\selenium-java-3.10.0.jar;C:\Users\vivek.prakash\.m2\repository\org\seleniumhq\selenium\selenium-api\3.10.0\selenium-api-3.10.0.jar;C:\Users\vivek.prakash\.m2\repository\org\seleniumhq\selenium\selenium-chrome-driver\3.10.0\selenium-chrome-driver-3.10.0.jar;C:\Users\vivek.prakash\.m2\repository\org\seleniumhq\selenium\selenium-edge-driver\3.10.0\selenium-edge-driver-3.10.0.jar;C:\Users\vivek.prakash\.m2\repository\org\seleniumhq\selenium\selenium-firefox-driver\3.10.0\selenium-firefox-driver-3.10.0.jar;C:\Users\vivek.prakash\.m2\repository\org\seleniumhq\selenium\selenium-ie-driver\3.10.0\selenium-ie-driver-3.10.0.jar;C:\Users\vivek.prakash\.m2\repository\org\seleniumhq\selenium\selenium-opera-driver\3.10.0\selenium-opera-driver-3.10.0.jar;C:\Users\vivek.prakash\.m2\repository\org\seleniumhq\selenium\selenium-remote-driver\3.10.0\selenium-remote-driver-3.10.0.jar;C:\Users\vivek.prakash\.m2\repository\org\seleniumhq\selenium\selenium-safari-driver\3.10.0\selenium-safari-driver-3.10.0.jar;C:\Users\vivek.prakash\.m2\repository\org\seleniumhq\selenium\selenium-support\3.10.0\selenium-support-3.10.0.jar;C:\Users\vivek.prakash\.m2\repository\net\bytebuddy\byte-buddy\1.7.9\byte-buddy-1.7.9.jar;C:\Users\vivek.prakash\.m2\repository\org\apache\commons\commons-exec\1.3\commons-exec-1.3.jar;C:\Users\vivek.prakash\.m2\repository\commons-codec\commons-codec\1.10\commons-codec-1.10.jar;C:\Users\vivek.prakash\.m2\repository\commons-logging\commons-logging\1.2\commons-logging-1.2.jar;C:\Users\vivek.prakash\.m2\repository\com\google\code\gson\gson\2.8.2\gson-2.8.2.jar;C:\Users\vivek.prakash\.m2\repository\org\apache\httpcomponents\httpclient\4.5.3\httpclient-4.5.3.jar;C:\Users\vivek.prakash\.m2\repository\org\apache\httpcomponents\httpcore\4.4.6\httpcore-4.4.6.jar;C:\Users\vivek.prakash\.m2\repository\com\squareup\okhttp3\okhttp\3.9.1\okhttp-3.9.1.jar;C:\Users\vivek.prakash\.m2\repository\com\squareup\okio\okio\1.13.0\okio-1.13.0.jar;C:\Users\vivek.prakash\.m2\repository\org\seleniumhq\selenium\selenium-server\3.10.0\selenium-server-3.10.0.jar;C:\Users\vivek.prakash\.m2\repository\com\beust\jcommander\1.72\jcommander-1.72.jar;C:\Users\vivek.prakash\.m2\repository\org\apache\commons\commons-lang3\3.7\commons-lang3-3.7.jar;C:\Users\vivek.prakash\.m2\repository\org\apache\commons\commons-text\1.1\commons-text-1.1.jar;C:\Users\vivek.prakash\.m2\repository\commons-io\commons-io\2.6\commons-io-2.6.jar;C:\Users\vivek.prakash\.m2\repository\commons-net\commons-net\3.6\commons-net-3.6.jar;C:\Users\vivek.prakash\.m2\repository\org\w3c\css\sac\1.3\sac-1.3.jar;C:\Users\vivek.prakash\.m2\repository\net\sourceforge\cssparser\cssparser\0.9.24\cssparser-0.9.24.jar;C:\Users\vivek.prakash\.m2\repository\net\sourceforge\htmlunit\htmlunit\2.29\htmlunit-2.29.jar;C:\Users\vivek.prakash\.m2\repository\net\sourceforge\htmlunit\htmlunit-core-js\2.28\htmlunit-core-js-2.28.jar;C:\Users\vivek.prakash\.m2\repository\net\sourceforge\htmlunit\neko-htmlunit\2.28\neko-htmlunit-2.28.jar;C:\Users\vivek.prakash\.m2\repository\org\apache\httpcomponents\httpmime\4.5.3\httpmime-4.5.3.jar;C:\Users\vivek.prakash\.m2\repository\net\jcip\jcip-annotations\1.0\jcip-annotations-1.0.jar;C:\Users\vivek.prakash\.m2\repository\org\seleniumhq\selenium\jetty-repacked\9.4.7.v20171121\jetty-repacked-9.4.7.v20171121.jar;C:\Users\vivek.prakash\.m2\repository\org\eclipse\jetty\jetty-client\9.4.7.v20170914\jetty-client-9.4.7.v20170914.jar;C:\Users\vivek.prakash\.m2\repository\org\eclipse\jetty\jetty-http\9.4.8.v20171121\jetty-http-9.4.8.v20171121.jar;C:\Users\vivek.prakash\.m2\repository\org\eclipse\jetty\jetty-io\9.4.8.v20171121\jetty-io-9.4.8.v20171121.jar;C:\Users\vivek.prakash\.m2\repository\org\eclipse\jetty\jetty-util\9.4.8.v20171121\jetty-util-9.4.8.v20171121.jar;C:\Users\vivek.prakash\.m2\repository\org\eclipse\jetty\jetty-xml\9.4.7.v20170914\jetty-xml-9.4.7.v20170914.jar;C:\Users\vivek.prakash\.m2\repository\org\seleniumhq\selenium\htmlunit-driver\2.29.0\htmlunit-driver-2.29.0.jar;C:\Users\vivek.prakash\.m2\repository\javax\servlet\javax.servlet-api\3.1.0\javax.servlet-api-3.1.0.jar;C:\Users\vivek.prakash\.m2\repository\org\eclipse\jetty\websocket\websocket-api\9.4.7.v20170914\websocket-api-9.4.7.v20170914.jar;C:\Users\vivek.prakash\.m2\repository\org\eclipse\jetty\websocket\websocket-client\9.4.7.v20170914\websocket-client-9.4.7.v20170914.jar;C:\Users\vivek.prakash\.m2\repository\org\eclipse\jetty\websocket\websocket-common\9.4.7.v20170914\websocket-common-9.4.7.v20170914.jar;C:\Users\vivek.prakash\.m2\repository\xalan\serializer\2.7.2\serializer-2.7.2.jar;C:\Users\vivek.prakash\.m2\repository\xalan\xalan\2.7.2\xalan-2.7.2.jar;C:\Users\vivek.prakash\.m2\repository\xerces\xercesImpl\2.11.0\xercesImpl-2.11.0.jar;C:\Users\vivek.prakash\.m2\repository\xml-apis\xml-apis\1.4.01\xml-apis-1.4.01.jar;C:\Users\vivek.prakash\.m2\repository\org\yaml\snakeyaml\1.19\snakeyaml-1.19.jar;C:\Users\vivek.prakash\.m2\repository\org\testng\testng\6.11\testng-6.11.jar;C:\Users\vivek.prakash\.m2\repository\com\google\inject\guice\4.1.0\guice-4.1.0.jar;C:\Users\vivek.prakash\.m2\repository\javax\inject\javax.inject\1\javax.inject-1.jar;C:\Users\vivek.prakash\.m2\repository\aopalliance\aopalliance\1.0\aopalliance-1.0.jar;C:\Users\vivek.prakash\.m2\repository\net\moznion\random-string\1.1.0\random-string-1.1.0.jar;C:\Users\vivek.prakash\.m2\repository\org\apache\poi\poi\3.17-beta1\poi-3.17-beta1.jar;C:\Users\vivek.prakash\.m2\repository\org\apache\commons\commons-collections4\4.1\commons-collections4-4.1.jar;C:\Users\vivek.prakash\.m2\repository\org\apache\poi\poi-ooxml\3.17-beta1\poi-ooxml-3.17-beta1.jar;C:\Users\vivek.prakash\.m2\repository\com\github\virtuald\curvesapi\1.04\curvesapi-1.04.jar;C:\Users\vivek.prakash\.m2\repository\org\apache\poi\poi-ooxml-schemas\3.17-beta1\poi-ooxml-schemas-3.17-beta1.jar;C:\Users\vivek.prakash\.m2\repository\org\apache\xmlbeans\xmlbeans\2.6.0\xmlbeans-2.6.0.jar;C:\Users\vivek.prakash\.m2\repository\stax\stax-api\1.0.1\stax-api-1.0.1.jar;C:\Users\vivek.prakash\.m2\repository\com\google\guava\guava\23.0\guava-23.0.jar;C:\Users\vivek.prakash\.m2\repository\com\google\code\findbugs\jsr305\1.3.9\jsr305-1.3.9.jar;C:\Users\vivek.prakash\.m2\repository\com\google\errorprone\error_prone_annotations\2.0.18\error_prone_annotations-2.0.18.jar;C:\Users\vivek.prakash\.m2\repository\com\google\j2objc\j2objc-annotations\1.1\j2objc-annotations-1.1.jar;C:\Users\vivek.prakash\.m2\repository\org\codehaus\mojo\animal-sniffer-annotations\1.14\animal-sniffer-annotations-1.14.jar;C:\Users\vivek.prakash\.m2\repository\com\aventstack\extentreports\3.0.7\extentreports-3.0.7.jar;C:\Users\vivek.prakash\.m2\repository\org\freemarker\freemarker\2.3.23\freemarker-2.3.23.jar;C:\Users\vivek.prakash\.m2\repository\org\mongodb\mongodb-driver\3.3.0\mongodb-driver-3.3.0.jar;C:\Users\vivek.prakash\.m2\repository\org\mongodb\bson\3.3.0\bson-3.3.0.jar;C:\Users\vivek.prakash\.m2\repository\org\mongodb\mongodb-driver-core\3.3.0\mongodb-driver-core-3.3.0.jar;C:\Users\vivek.prakash\.m2\repository\org\jsoup\jsoup\1.9.2\jsoup-1.9.2.jar;C:\Users\vivek.prakash\.m2\repository\org\jfree\jfreechart\1.0.19\jfreechart-1.0.19.jar;C:\Users\vivek.prakash\.m2\repository\org\jfree\jcommon\1.0.23\jcommon-1.0.23.jar;C:\Users\vivek.prakash\.m2\repository\com\aspose\aspose-cells\16.11.0\aspose-cells-16.11.0.jar;C:\Users\vivek.prakash\.m2\repository\com\hynnet\jacob\1.18\jacob-1.18.jar;C:\Users\vivek.prakash\.m2\repository\de\openkeyword\autoit\0.1.13\autoit-0.1.13.jar;C:\Users\vivek.prakash\.m2\repository\net\sf\jacob-project\jacob\1.14.3\jacob-1.14.3.jar;C:\Users\vivek.prakash\.m2\repository\org\antlr\antlr4-runtime\4.7\antlr4-runtime-4.7.jar;C:\Users\vivek.prakash\.m2\repository\org\antlr\ST4\4.0.8\ST4-4.0.8.jar;C:\Users\vivek.prakash\.m2\repository\org\antlr\antlr-runtime\3.5.2\antlr-runtime-3.5.2.jar;C:\Users\vivek.prakash\.m2\repository\com\sun\xml\bind\jaxb-core\2.3.0\jaxb-core-2.3.0.jar;C:\Users\vivek.prakash\.m2\repository\javax\xml\bind\jaxb-api\2.3.0\jaxb-api-2.3.0.jar;C:\Users\vivek.prakash\.m2\repository\com\sun\xml\bind\jaxb-impl\2.3.0\jaxb-impl-2.3.0.jar;C:\Users\vivek.prakash\.m2\repository\com\sun\xml\bind\jaxb-jxc\2.3.0\jaxb-jxc-2.3.0.jar;C:\Users\vivek.prakash\.m2\repository\com\sun\xml\bind\jaxb-xjc\2.3.0\jaxb-xjc-2.3.0.jar;C:\Users\vivek.prakash\.m2\repository\ru\yandex\qatools\ashot\ashot\1.5.4\ashot-1.5.4.jar;C:\Users\vivek.prakash\.m2\repository\org\hamcrest\hamcrest-core\1.3\hamcrest-core-1.3.jar;C:\Users\vivek.prakash\.m2\repository\com\microsoft\sqlserver\mssql-jdbc\6.2.2.jre8\mssql-jdbc-6.2.2.jre8.jar;C:\Users\vivek.prakash\.m2\repository\com\assertthat\selenium-shutterbug\0.7\selenium-shutterbug-0.7.jar;C:\Users\vivek.prakash\.m2\repository\org\slf4j\slf4j-api\1.7.25\slf4j-api-1.7.25.jar;C:\Users\vivek.prakash\.m2\repository\org\slf4j\slf4j-simple\1.7.25\slf4j-simple-1.7.25.jar;C:\Users\vivek.prakash\.m2\repository\com\codeborne\phantomjsdriver\1.4.4\phantomjsdriver-1.4.4.jar;C:\Users\vivek.prakash\.m2\repository\org\apache\maven\surefire\surefire-testng-utils\2.21.0\surefire-testng-utils-2.21.0.jar;C:\Users\vivek.prakash\.m2\repository\org\apache\maven\surefire\surefire-grouper\2.21.0\surefire-grouper-2.21.0.jar;"/>
    <property name="java.vm.vendor" value="Oracle Corporation"/>
    <property name="sun.arch.data.model" value="64"/>
    <property name="user.variant" value=""/>
    <property name="java.vendor.url" value="http://java.oracle.com/"/>
    <property name="user.timezone" value=""/>
    <property name="java.vm.specification.version" value="1.8"/>
    <property name="os.name" value="Windows 10"/>
    <property name="user.country" value="US"/>
    <property name="sun.java.launcher" value="SUN_STANDARD"/>
    <property name="sun.boot.library.path" value="C:\Program Files\Java\jdk1.8.0_102\jre\bin"/>
    <property name="sun.java.command" value="C:\Users\VIVEK~1.PRA\AppData\Local\Temp\surefire6747259790298614847\surefirebooter5627672461556411071.jar C:\Users\vivek.prakash\AppData\Local\Temp\surefire6747259790298614847 2018-04-25T13-24-14_521-jvmRun1 surefire2094898951931317192tmp surefire_03934666585901080937tmp"/>
    <property name="surefire.test.class.path" value="C:\Vivek\Automation\KeywordDriven\target\test-classes;C:\Vivek\Automation\KeywordDriven\target\classes;C:\Users\vivek.prakash\.m2\repository\org\seleniumhq\selenium\selenium-java\3.10.0\selenium-java-3.10.0.jar;C:\Users\vivek.prakash\.m2\repository\org\seleniumhq\selenium\selenium-api\3.10.0\selenium-api-3.10.0.jar;C:\Users\vivek.prakash\.m2\repository\org\seleniumhq\selenium\selenium-chrome-driver\3.10.0\selenium-chrome-driver-3.10.0.jar;C:\Users\vivek.prakash\.m2\repository\org\seleniumhq\selenium\selenium-edge-driver\3.10.0\selenium-edge-driver-3.10.0.jar;C:\Users\vivek.prakash\.m2\repository\org\seleniumhq\selenium\selenium-firefox-driver\3.10.0\selenium-firefox-driver-3.10.0.jar;C:\Users\vivek.prakash\.m2\repository\org\seleniumhq\selenium\selenium-ie-driver\3.10.0\selenium-ie-driver-3.10.0.jar;C:\Users\vivek.prakash\.m2\repository\org\seleniumhq\selenium\selenium-opera-driver\3.10.0\selenium-opera-driver-3.10.0.jar;C:\Users\vivek.prakash\.m2\repository\org\seleniumhq\selenium\selenium-remote-driver\3.10.0\selenium-remote-driver-3.10.0.jar;C:\Users\vivek.prakash\.m2\repository\org\seleniumhq\selenium\selenium-safari-driver\3.10.0\selenium-safari-driver-3.10.0.jar;C:\Users\vivek.prakash\.m2\repository\org\seleniumhq\selenium\selenium-support\3.10.0\selenium-support-3.10.0.jar;C:\Users\vivek.prakash\.m2\repository\net\bytebuddy\byte-buddy\1.7.9\byte-buddy-1.7.9.jar;C:\Users\vivek.prakash\.m2\repository\org\apache\commons\commons-exec\1.3\commons-exec-1.3.jar;C:\Users\vivek.prakash\.m2\repository\commons-codec\commons-codec\1.10\commons-codec-1.10.jar;C:\Users\vivek.prakash\.m2\repository\commons-logging\commons-logging\1.2\commons-logging-1.2.jar;C:\Users\vivek.prakash\.m2\repository\com\google\code\gson\gson\2.8.2\gson-2.8.2.jar;C:\Users\vivek.prakash\.m2\repository\org\apache\httpcomponents\httpclient\4.5.3\httpclient-4.5.3.jar;C:\Users\vivek.prakash\.m2\repository\org\apache\httpcomponents\httpcore\4.4.6\httpcore-4.4.6.jar;C:\Users\vivek.prakash\.m2\repository\com\squareup\okhttp3\okhttp\3.9.1\okhttp-3.9.1.jar;C:\Users\vivek.prakash\.m2\repository\com\squareup\okio\okio\1.13.0\okio-1.13.0.jar;C:\Users\vivek.prakash\.m2\repository\org\seleniumhq\selenium\selenium-server\3.10.0\selenium-server-3.10.0.jar;C:\Users\vivek.prakash\.m2\repository\com\beust\jcommander\1.72\jcommander-1.72.jar;C:\Users\vivek.prakash\.m2\repository\org\apache\commons\commons-lang3\3.7\commons-lang3-3.7.jar;C:\Users\vivek.prakash\.m2\repository\org\apache\commons\commons-text\1.1\commons-text-1.1.jar;C:\Users\vivek.prakash\.m2\repository\commons-io\commons-io\2.6\commons-io-2.6.jar;C:\Users\vivek.prakash\.m2\repository\commons-net\commons-net\3.6\commons-net-3.6.jar;C:\Users\vivek.prakash\.m2\repository\org\w3c\css\sac\1.3\sac-1.3.jar;C:\Users\vivek.prakash\.m2\repository\net\sourceforge\cssparser\cssparser\0.9.24\cssparser-0.9.24.jar;C:\Users\vivek.prakash\.m2\repository\net\sourceforge\htmlunit\htmlunit\2.29\htmlunit-2.29.jar;C:\Users\vivek.prakash\.m2\repository\net\sourceforge\htmlunit\htmlunit-core-js\2.28\htmlunit-core-js-2.28.jar;C:\Users\vivek.prakash\.m2\repository\net\sourceforge\htmlunit\neko-htmlunit\2.28\neko-htmlunit-2.28.jar;C:\Users\vivek.prakash\.m2\repository\org\apache\httpcomponents\httpmime\4.5.3\httpmime-4.5.3.jar;C:\Users\vivek.prakash\.m2\repository\net\jcip\jcip-annotations\1.0\jcip-annotations-1.0.jar;C:\Users\vivek.prakash\.m2\repository\org\seleniumhq\selenium\jetty-repacked\9.4.7.v20171121\jetty-repacked-9.4.7.v20171121.jar;C:\Users\vivek.prakash\.m2\repository\org\eclipse\jetty\jetty-client\9.4.7.v20170914\jetty-client-9.4.7.v20170914.jar;C:\Users\vivek.prakash\.m2\repository\org\eclipse\jetty\jetty-http\9.4.8.v20171121\jetty-http-9.4.8.v20171121.jar;C:\Users\vivek.prakash\.m2\repository\org\eclipse\jetty\jetty-io\9.4.8.v20171121\jetty-io-9.4.8.v20171121.jar;C:\Users\vivek.prakash\.m2\repository\org\eclipse\jetty\jetty-util\9.4.8.v20171121\jetty-util-9.4.8.v20171121.jar;C:\Users\vivek.prakash\.m2\repository\org\eclipse\jetty\jetty-xml\9.4.7.v20170914\jetty-xml-9.4.7.v20170914.jar;C:\Users\vivek.prakash\.m2\repository\org\seleniumhq\selenium\htmlunit-driver\2.29.0\htmlunit-driver-2.29.0.jar;C:\Users\vivek.prakash\.m2\repository\javax\servlet\javax.servlet-api\3.1.0\javax.servlet-api-3.1.0.jar;C:\Users\vivek.prakash\.m2\repository\org\eclipse\jetty\websocket\websocket-api\9.4.7.v20170914\websocket-api-9.4.7.v20170914.jar;C:\Users\vivek.prakash\.m2\repository\org\eclipse\jetty\websocket\websocket-client\9.4.7.v20170914\websocket-client-9.4.7.v20170914.jar;C:\Users\vivek.prakash\.m2\repository\org\eclipse\jetty\websocket\websocket-common\9.4.7.v20170914\websocket-common-9.4.7.v20170914.jar;C:\Users\vivek.prakash\.m2\repository\xalan\serializer\2.7.2\serializer-2.7.2.jar;C:\Users\vivek.prakash\.m2\repository\xalan\xalan\2.7.2\xalan-2.7.2.jar;C:\Users\vivek.prakash\.m2\repository\xerces\xercesImpl\2.11.0\xercesImpl-2.11.0.jar;C:\Users\vivek.prakash\.m2\repository\xml-apis\xml-apis\1.4.01\xml-apis-1.4.01.jar;C:\Users\vivek.prakash\.m2\repository\org\yaml\snakeyaml\1.19\snakeyaml-1.19.jar;C:\Users\vivek.prakash\.m2\repository\org\testng\testng\6.11\testng-6.11.jar;C:\Users\vivek.prakash\.m2\repository\com\google\inject\guice\4.1.0\guice-4.1.0.jar;C:\Users\vivek.prakash\.m2\repository\javax\inject\javax.inject\1\javax.inject-1.jar;C:\Users\vivek.prakash\.m2\repository\aopalliance\aopalliance\1.0\aopalliance-1.0.jar;C:\Users\vivek.prakash\.m2\repository\net\moznion\random-string\1.1.0\random-string-1.1.0.jar;C:\Users\vivek.prakash\.m2\repository\org\apache\poi\poi\3.17-beta1\poi-3.17-beta1.jar;C:\Users\vivek.prakash\.m2\repository\org\apache\commons\commons-collections4\4.1\commons-collections4-4.1.jar;C:\Users\vivek.prakash\.m2\repository\org\apache\poi\poi-ooxml\3.17-beta1\poi-ooxml-3.17-beta1.jar;C:\Users\vivek.prakash\.m2\repository\com\github\virtuald\curvesapi\1.04\curvesapi-1.04.jar;C:\Users\vivek.prakash\.m2\repository\org\apache\poi\poi-ooxml-schemas\3.17-beta1\poi-ooxml-schemas-3.17-beta1.jar;C:\Users\vivek.prakash\.m2\repository\org\apache\xmlbeans\xmlbeans\2.6.0\xmlbeans-2.6.0.jar;C:\Users\vivek.prakash\.m2\repository\stax\stax-api\1.0.1\stax-api-1.0.1.jar;C:\Users\vivek.prakash\.m2\repository\com\google\guava\guava\23.0\guava-23.0.jar;C:\Users\vivek.prakash\.m2\repository\com\google\code\findbugs\jsr305\1.3.9\jsr305-1.3.9.jar;C:\Users\vivek.prakash\.m2\repository\com\google\errorprone\error_prone_annotations\2.0.18\error_prone_annotations-2.0.18.jar;C:\Users\vivek.prakash\.m2\repository\com\google\j2objc\j2objc-annotations\1.1\j2objc-annotations-1.1.jar;C:\Users\vivek.prakash\.m2\repository\org\codehaus\mojo\animal-sniffer-annotations\1.14\animal-sniffer-annotations-1.14.jar;C:\Users\vivek.prakash\.m2\repository\com\aventstack\extentreports\3.0.7\extentreports-3.0.7.jar;C:\Users\vivek.prakash\.m2\repository\org\freemarker\freemarker\2.3.23\freemarker-2.3.23.jar;C:\Users\vivek.prakash\.m2\repository\org\mongodb\mongodb-driver\3.3.0\mongodb-driver-3.3.0.jar;C:\Users\vivek.prakash\.m2\repository\org\mongodb\bson\3.3.0\bson-3.3.0.jar;C:\Users\vivek.prakash\.m2\repository\org\mongodb\mongodb-driver-core\3.3.0\mongodb-driver-core-3.3.0.jar;C:\Users\vivek.prakash\.m2\repository\org\jsoup\jsoup\1.9.2\jsoup-1.9.2.jar;C:\Users\vivek.prakash\.m2\repository\org\jfree\jfreechart\1.0.19\jfreechart-1.0.19.jar;C:\Users\vivek.prakash\.m2\repository\org\jfree\jcommon\1.0.23\jcommon-1.0.23.jar;C:\Users\vivek.prakash\.m2\repository\com\aspose\aspose-cells\16.11.0\aspose-cells-16.11.0.jar;C:\Users\vivek.prakash\.m2\repository\com\hynnet\jacob\1.18\jacob-1.18.jar;C:\Users\vivek.prakash\.m2\repository\de\openkeyword\autoit\0.1.13\autoit-0.1.13.jar;C:\Users\vivek.prakash\.m2\repository\net\sf\jacob-project\jacob\1.14.3\jacob-1.14.3.jar;C:\Users\vivek.prakash\.m2\repository\org\antlr\antlr4-runtime\4.7\antlr4-runtime-4.7.jar;C:\Users\vivek.prakash\.m2\repository\org\antlr\ST4\4.0.8\ST4-4.0.8.jar;C:\Users\vivek.prakash\.m2\repository\org\antlr\antlr-runtime\3.5.2\antlr-runtime-3.5.2.jar;C:\Users\vivek.prakash\.m2\repository\com\sun\xml\bind\jaxb-core\2.3.0\jaxb-core-2.3.0.jar;C:\Users\vivek.prakash\.m2\repository\javax\xml\bind\jaxb-api\2.3.0\jaxb-api-2.3.0.jar;C:\Users\vivek.prakash\.m2\repository\com\sun\xml\bind\jaxb-impl\2.3.0\jaxb-impl-2.3.0.jar;C:\Users\vivek.prakash\.m2\repository\com\sun\xml\bind\jaxb-jxc\2.3.0\jaxb-jxc-2.3.0.jar;C:\Users\vivek.prakash\.m2\repository\com\sun\xml\bind\jaxb-xjc\2.3.0\jaxb-xjc-2.3.0.jar;C:\Users\vivek.prakash\.m2\repository\ru\yandex\qatools\ashot\ashot\1.5.4\ashot-1.5.4.jar;C:\Users\vivek.prakash\.m2\repository\org\hamcrest\hamcrest-core\1.3\hamcrest-core-1.3.jar;C:\Users\vivek.prakash\.m2\repository\com\microsoft\sqlserver\mssql-jdbc\6.2.2.jre8\mssql-jdbc-6.2.2.jre8.jar;C:\Users\vivek.prakash\.m2\repository\com\assertthat\selenium-shutterbug\0.7\selenium-shutterbug-0.7.jar;C:\Users\vivek.prakash\.m2\repository\org\slf4j\slf4j-api\1.7.25\slf4j-api-1.7.25.jar;C:\Users\vivek.prakash\.m2\repository\org\slf4j\slf4j-simple\1.7.25\slf4j-simple-1.7.25.jar;C:\Users\vivek.prakash\.m2\repository\com\codeborne\phantomjsdriver\1.4.4\phantomjsdriver-1.4.4.jar;C:\Users\vivek.prakash\.m2\repository\org\apache\maven\surefire\surefire-testng-utils\2.21.0\surefire-testng-utils-2.21.0.jar;C:\Users\vivek.prakash\.m2\repository\org\apache\maven\surefire\surefire-grouper\2.21.0\surefire-grouper-2.21.0.jar;"/>
    <property name="sun.cpu.endian" value="little"/>
    <property name="user.home" value="C:\Users\vivek.prakash"/>
    <property name="user.language" value="en"/>
    <property name="java.specification.vendor" value="Oracle Corporation"/>
    <property name="java.home" value="C:\Program Files\Java\jdk1.8.0_102\jre"/>
    <property name="basedir" value="C:\Vivek\Automation\KeywordDriven"/>
    <property name="file.separator" value="\"/>
    <property name="line.separator" value="&#10;"/>
    <property name="java.vm.specification.vendor" value="Oracle Corporation"/>
    <property name="java.specification.name" value="Java Platform API Specification"/>
    <property name="java.awt.graphicsenv" value="sun.awt.Win32GraphicsEnvironment"/>
    <property name="surefire.real.class.path" value="C:\Users\VIVEK~1.PRA\AppData\Local\Temp\surefire6747259790298614847\surefirebooter5627672461556411071.jar"/>
    <property name="sun.boot.class.path" value="C:\Program Files\Java\jdk1.8.0_102\jre\lib\resources.jar;C:\Program Files\Java\jdk1.8.0_102\jre\lib\rt.jar;C:\Program Files\Java\jdk1.8.0_102\jre\lib\sunrsasign.jar;C:\Program Files\Java\jdk1.8.0_102\jre\lib\jsse.jar;C:\Program Files\Java\jdk1.8.0_102\jre\lib\jce.jar;C:\Program Files\Java\jdk1.8.0_102\jre\lib\charsets.jar;C:\Program Files\Java\jdk1.8.0_102\jre\lib\jfr.jar;C:\Program Files\Java\jdk1.8.0_102\jre\classes"/>
    <property name="user.script" value=""/>
    <property name="sun.management.compiler" value="HotSpot 64-Bit Tiered Compilers"/>
    <property name="java.runtime.version" value="1.8.0_102-b14"/>
    <property name="user.name" value="vivek.prakash"/>
    <property name="path.separator" value=";"/>
    <property name="os.version" value="10.0"/>
    <property name="java.endorsed.dirs" value="C:\Program Files\Java\jdk1.8.0_102\jre\lib\endorsed"/>
    <property name="java.runtime.name" value="Java(TM) SE Runtime Environment"/>
    <property name="file.encoding" value="UTF-8"/>
    <property name="java.vm.name" value="Java HotSpot(TM) 64-Bit Server VM"/>
    <property name="localRepository" value="C:\Users\vivek.prakash\.m2\repository"/>
    <property name="java.vendor.url.bug" value="http://bugreport.sun.com/bugreport/"/>
    <property name="java.io.tmpdir" value="C:\Users\VIVEK~1.PRA\AppData\Local\Temp\"/>
    <property name="java.version" value="1.8.0_102"/>
    <property name="user.dir" value="C:\Vivek\Automation\KeywordDriven"/>
    <property name="os.arch" value="amd64"/>
    <property name="java.vm.specification.name" value="Java Virtual Machine Specification"/>
    <property name="java.awt.printerjob" value="sun.awt.windows.WPrinterJob"/>
    <property name="sun.os.patch.level" value=""/>
    <property name="java.library.path" value="C:\Program Files\Java\jdk1.8.0_102\jre\bin;C:\Windows\Sun\Java\bin;C:\Windows\system32;C:\Windows;C:/Program Files/Java/jre1.8.0_161/bin/server;C:/Program Files/Java/jre1.8.0_161/bin;C:/Program Files/Java/jre1.8.0_161/lib/amd64;C:\ProgramData\Oracle\Java\javapath;C:\Program Files (x86)\Intel\iCLS Client\;C:\Program Files\Intel\iCLS Client\;C:\Windows\system32;C:\Windows;C:\Windows\System32\Wbem;C:\Windows\System32\WindowsPowerShell\v1.0\;C:\Program Files (x86)\Intel\Intel(R) Management Engine Components\DAL;C:\Program Files\Intel\Intel(R) Management Engine Components\DAL;C:\Program Files (x86)\Intel\Intel(R) Management Engine Components\IPT;C:\Program Files\Intel\Intel(R) Management Engine Components\IPT;C:\Vivek\Automation\apache-maven-3.5.0-bin\apache-maven-3.5.0\bin;C:\Program Files\Git\cmd;C:\Program Files\Java\jdk1.8.0_102\bin;C:\Program Files\node-v6.11.4-win-x64;C:\Windows\system32\config\systemprofile\.dnx\bin;C:\Program Files\Microsoft DNX\Dnvm\;C:\Program Files\Microsoft SQL Server\130\Tools\Binn\;C:\Users\vivek.prakash\AppData\Local\Programs\Python\Python36-32\Scripts\;C:\Users\vivek.prakash\AppData\Local\Programs\Python\Python36-32\;C:\Vivek\Automation\eclipse-jee-oxygen-win_64\eclipse;;."/>
    <property name="java.vm.info" value="mixed mode"/>
    <property name="java.vendor" value="Oracle Corporation"/>
    <property name="java.vm.version" value="25.102-b14"/>
    <property name="java.ext.dirs" value="C:\Program Files\Java\jdk1.8.0_102\jre\lib\ext;C:\Windows\Sun\Java\lib\ext"/>
    <property name="sun.io.unicode.encoding" value="UnicodeLittle"/>
    <property name="java.class.version" value="52.0"/>
  </properties>
  <testcase name="launchAutomation" classname="com.SSPWorldWide.Framework.Adviser.Helper.Launcher" time="111.723"/>
</testsuite>