<?xml version="1.0" encoding="UTF-8"?>
<!-- Generated by org.testng.reporters.JUnitReportReporter -->
<testsuite skipped="0" hostname="IN00302" name="com.SSPWorldWide.Framework.Adviser.Testcases.Login_Module" tests="2" failures="0" timestamp="25 Apr 2018 04:00:31 GMT" time="35.076" errors="0">
  <testcase name="Login_Module_002" time="19.194" classname="com.SSPWorldWide.Framework.Adviser.Testcases.Login_Module"/>
  <testcase name="Login_Module_001" time="15.882" classname="com.SSPWorldWide.Framework.Adviser.Testcases.Login_Module"/>
</testsuite> <!-- com.SSPWorldWide.Framework.Adviser.Testcases.Login_Module -->
