<?xml version="1.0" encoding="UTF-8"?>
<!-- Generated by org.testng.reporters.JUnitReportReporter -->
<testsuite skipped="0" hostname="IN00302" name="com.SSPWorldWide.Framework.Adviser.Testcases.Client_TestSuite" tests="1" failures="0" timestamp="04 Oct 2017 08:33:17 GMT" time="17.406" errors="0">
  <testcase name="Client_001" time="17.406" classname="com.SSPWorldWide.Framework.Adviser.Testcases.Client_TestSuite"/>
</testsuite> <!-- com.SSPWorldWide.Framework.Adviser.Testcases.Client_TestSuite -->
