<?xml version="1.0" encoding="UTF-8"?>
<!-- Generated by org.testng.reporters.JUnitReportReporter -->
<testsuite skipped="0" hostname="IN00302" name="com.SSPWorldWide.Framework.Adviser.Testcases.PolicyValuation_Module" tests="3" failures="0" timestamp="25 Apr 2018 04:00:31 GMT" time="308.854" errors="0">
  <testcase name="PolicyValuation_Module_002" time="99.983" classname="com.SSPWorldWide.Framework.Adviser.Testcases.PolicyValuation_Module"/>
  <testcase name="PolicyValuation_Module_003" time="98.318" classname="com.SSPWorldWide.Framework.Adviser.Testcases.PolicyValuation_Module"/>
  <testcase name="PolicyValuation_Module_001" time="110.553" classname="com.SSPWorldWide.Framework.Adviser.Testcases.PolicyValuation_Module"/>
</testsuite> <!-- com.SSPWorldWide.Framework.Adviser.Testcases.PolicyValuation_Module -->
