<?xml version="1.0" encoding="UTF-8"?>
<!-- Generated by org.testng.reporters.JUnitReportReporter -->
<testsuite skipped="0" hostname="IN00302" name="com.VP.Framework.Adviser.Helper.CommonKeywords" tests="1" failures="0" timestamp="24 Nov 2017 10:18:43 GMT" time="0.119" errors="1">
  <testcase name="beforeSuite" time="0.119" classname="com.VP.Framework.Adviser.Helper.CommonKeywords">
    <error type="java.lang.Exception" message="Entered Module : Default suite does not exist, please check the name of Module">
      <![CDATA[java.lang.Exception: Entered Module : Default suite does not exist, please check the name of Module
	at com.VP.Framework.Adviser.ReadExcel.ReadTestcaseFile.readTestcaseFile(ReadTestcaseFile.java:77)
	at com.VP.Framework.Adviser.Helper.WebdriverHelper.beforeSuite(WebdriverHelper.java:137)
	at sun.reflect.NativeMethodAccessorImpl.invoke0(Native Method)
	at sun.reflect.NativeMethodAccessorImpl.invoke(NativeMethodAccessorImpl.java:62)
	at sun.reflect.DelegatingMethodAccessorImpl.invoke(DelegatingMethodAccessorImpl.java:43)
	at java.lang.reflect.Method.invoke(Method.java:498)
	at org.testng.internal.MethodInvocationHelper.invokeMethod(MethodInvocationHelper.java:108)
	at org.testng.internal.Invoker.invokeConfigurationMethod(Invoker.java:523)
	at org.testng.internal.Invoker.invokeConfigurations(Invoker.java:224)
	at org.testng.internal.Invoker.invokeConfigurations(Invoker.java:146)
	at org.testng.SuiteRunner.privateRun(SuiteRunner.java:326)
	at org.testng.SuiteRunner.run(SuiteRunner.java:289)
	at org.testng.SuiteRunnerWorker.runSuite(SuiteRunnerWorker.java:52)
	at org.testng.SuiteRunnerWorker.run(SuiteRunnerWorker.java:86)
	at org.testng.TestNG.runSuitesSequentially(TestNG.java:1301)
	at org.testng.TestNG.runSuitesLocally(TestNG.java:1226)
	at org.testng.TestNG.runSuites(TestNG.java:1144)
	at org.testng.TestNG.run(TestNG.java:1115)
	at org.testng.remote.AbstractRemoteTestNG.run(AbstractRemoteTestNG.java:114)
	at org.testng.remote.RemoteTestNG.initAndRun(RemoteTestNG.java:251)
	at org.testng.remote.RemoteTestNG.main(RemoteTestNG.java:77)
]]>
    </error>
  </testcase> <!-- beforeSuite -->
</testsuite> <!-- com.VP.Framework.Adviser.Helper.CommonKeywords -->
