<?xml version="1.0" encoding="UTF-8"?>
<!-- Generated by org.testng.reporters.JUnitReportReporter -->
<testsuite hostname="IN00302" name="com.SSPWorldWide.Framework.Adviser.Helper.WebdriverHelper" tests="1" failures="0" timestamp="28 Sep 2017 10:53:50 GMT" time="14.830" errors="0">
  <testcase name="executeTest" time="14.830" classname="com.SSPWorldWide.Framework.Adviser.Helper.WebdriverHelper"/>
</testsuite> <!-- com.SSPWorldWide.Framework.Adviser.Helper.WebdriverHelper -->
