<?xml version="1.0" encoding="UTF-8"?>
<!-- Generated by org.testng.reporters.JUnitReportReporter -->
<testsuite skipped="0" hostname="IN00302" name="com.SSPWorldWide.Framework.Adviser.Testcases.Exmaple_Scenarios" tests="1" failures="0" timestamp="17 Nov 2017 07:57:20 GMT" time="31.233" errors="0">
  <testcase name="Example_001" time="31.233" classname="com.SSPWorldWide.Framework.Adviser.Testcases.Exmaple_Scenarios"/>
</testsuite> <!-- com.SSPWorldWide.Framework.Adviser.Testcases.Exmaple_Scenarios -->
