<?xml version="1.0" encoding="UTF-8"?>
<!-- Generated by org.testng.reporters.JUnitReportReporter -->
<testsuite hostname="IN00302" name="com.SSPWorldWide.Framework.Adviser.Testcases.Login_TestSuite" tests="1" failures="0" timestamp="3 Oct 2017 11:00:32 GMT" time="14.734" errors="0">
  <testcase name="Login_001" time="14.734" classname="com.SSPWorldWide.Framework.Adviser.Testcases.Login_TestSuite"/>
</testsuite> <!-- com.SSPWorldWide.Framework.Adviser.Testcases.Login_TestSuite -->
