<?xml version="1.0" encoding="UTF-8"?>
<!-- Generated by org.testng.reporters.JUnitReportReporter -->
<testsuite skipped="0" hostname="IN00302" name="com.SSPWorldWide.Framework.Adviser.Testcases.Document_Module" tests="1" failures="0" timestamp="25 Apr 2018 04:00:31 GMT" time="61.893" errors="0">
  <testcase name="Document_Module_001" time="61.893" classname="com.SSPWorldWide.Framework.Adviser.Testcases.Document_Module"/>
</testsuite> <!-- com.SSPWorldWide.Framework.Adviser.Testcases.Document_Module -->
