<?xml version="1.0" encoding="UTF-8"?>
<!-- Generated by org.testng.reporters.JUnitReportReporter -->
<testsuite skipped="0" hostname="IN00302" name="com.SSPWorldWide.Framework.Adviser.Testcases.Transactions_Module" tests="8" failures="0" timestamp="25 Apr 2018 04:00:31 GMT" time="806.339" errors="0">
  <testcase name="Transactions_Module_001" time="78.464" classname="com.SSPWorldWide.Framework.Adviser.Testcases.Transactions_Module"/>
  <testcase name="Transactions_Module_007" time="81.857" classname="com.SSPWorldWide.Framework.Adviser.Testcases.Transactions_Module"/>
  <testcase name="Transactions_Module_006" time="123.421" classname="com.SSPWorldWide.Framework.Adviser.Testcases.Transactions_Module"/>
  <testcase name="Transactions_Module_008" time="130.845" classname="com.SSPWorldWide.Framework.Adviser.Testcases.Transactions_Module"/>
  <testcase name="Transactions_Module_005" time="76.140" classname="com.SSPWorldWide.Framework.Adviser.Testcases.Transactions_Module"/>
  <testcase name="Transactions_Module_002" time="125.804" classname="com.SSPWorldWide.Framework.Adviser.Testcases.Transactions_Module"/>
  <testcase name="Transactions_Module_004" time="115.302" classname="com.SSPWorldWide.Framework.Adviser.Testcases.Transactions_Module"/>
  <testcase name="Transactions_Module_003" time="74.506" classname="com.SSPWorldWide.Framework.Adviser.Testcases.Transactions_Module"/>
</testsuite> <!-- com.SSPWorldWide.Framework.Adviser.Testcases.Transactions_Module -->
