<?xml version="1.0" encoding="UTF-8"?>
<!-- Generated by org.testng.reporters.JUnitReportReporter -->
<testsuite skipped="0" hostname="IN00302" name="com.SSPWorldWide.Framework.Adviser.Testcases.AdviceEvent_Module" tests="14" failures="0" timestamp="25 Apr 2018 04:00:31 GMT" time="1099.494" errors="0">
  <testcase name="AdviceEvent_Module_003" time="64.254" classname="com.SSPWorldWide.Framework.Adviser.Testcases.AdviceEvent_Module"/>
  <testcase name="AdviceEvent_Module_009" time="100.569" classname="com.SSPWorldWide.Framework.Adviser.Testcases.AdviceEvent_Module"/>
  <testcase name="AdviceEvent_Module_002" time="43.906" classname="com.SSPWorldWide.Framework.Adviser.Testcases.AdviceEvent_Module"/>
  <testcase name="AdviceEvent_Module_007" time="79.506" classname="com.SSPWorldWide.Framework.Adviser.Testcases.AdviceEvent_Module"/>
  <testcase name="AdviceEvent_Module_014" time="97.671" classname="com.SSPWorldWide.Framework.Adviser.Testcases.AdviceEvent_Module"/>
  <testcase name="AdviceEvent_Module_005" time="56.652" classname="com.SSPWorldWide.Framework.Adviser.Testcases.AdviceEvent_Module"/>
  <testcase name="AdviceEvent_Module_006" time="60.313" classname="com.SSPWorldWide.Framework.Adviser.Testcases.AdviceEvent_Module"/>
  <testcase name="AdviceEvent_Module_008" time="69.913" classname="com.SSPWorldWide.Framework.Adviser.Testcases.AdviceEvent_Module"/>
  <testcase name="AdviceEvent_Module_010" time="102.863" classname="com.SSPWorldWide.Framework.Adviser.Testcases.AdviceEvent_Module"/>
  <testcase name="AdviceEvent_Module_004" time="60.925" classname="com.SSPWorldWide.Framework.Adviser.Testcases.AdviceEvent_Module"/>
  <testcase name="AdviceEvent_Module_011" time="146.781" classname="com.SSPWorldWide.Framework.Adviser.Testcases.AdviceEvent_Module"/>
  <testcase name="AdviceEvent_Module_013" time="85.384" classname="com.SSPWorldWide.Framework.Adviser.Testcases.AdviceEvent_Module"/>
  <testcase name="AdviceEvent_Module_001" time="46.848" classname="com.SSPWorldWide.Framework.Adviser.Testcases.AdviceEvent_Module"/>
  <testcase name="AdviceEvent_Module_012" time="83.909" classname="com.SSPWorldWide.Framework.Adviser.Testcases.AdviceEvent_Module"/>
</testsuite> <!-- com.SSPWorldWide.Framework.Adviser.Testcases.AdviceEvent_Module -->
