<?xml version="1.0" encoding="UTF-8"?>
<!-- Generated by org.testng.reporters.JUnitReportReporter -->
<testsuite skipped="0" hostname="IN00302" name="com.VP.Framework.Adviser.Testcases.Exmaple_Scenarios" tests="1" failures="0" timestamp="21 Nov 2017 08:20:40 GMT" time="44.547" errors="0">
  <testcase name="Example_001" time="44.547" classname="com.VP.Framework.Adviser.Testcases.Exmaple_Scenarios"/>
</testsuite> <!-- com.VP.Framework.Adviser.Testcases.Exmaple_Scenarios -->
