<?xml version="1.0" encoding="UTF-8"?>
<!-- Generated by org.testng.reporters.JUnitReportReporter -->
<testsuite skipped="0" hostname="IN00302" name="com.VP.Framework.Adviser.Testcases.Login_TestSuite" tests="3" failures="0" timestamp="27 Nov 2017 06:03:15 GMT" time="102.930" errors="0">
  <testcase name="Login_001" time="41.943" classname="com.VP.Framework.Adviser.Testcases.Login_TestSuite"/>
  <testcase name="Login_002" time="32.056" classname="com.VP.Framework.Adviser.Testcases.Login_TestSuite"/>
  <testcase name="Login_003" time="28.931" classname="com.VP.Framework.Adviser.Testcases.Login_TestSuite"/>
</testsuite> <!-- com.VP.Framework.Adviser.Testcases.Login_TestSuite -->
