<?xml version="1.0" encoding="UTF-8"?>
<!-- Generated by org.testng.reporters.JUnitReportReporter -->
<testsuite skipped="0" hostname="IN00302" name="com.SSPWorldWide.Framework.Adviser.Testcases.Invoice_Module" tests="6" failures="0" timestamp="25 Apr 2018 04:00:31 GMT" time="533.611" errors="1">
  <testcase name="Invoice_Module_003" time="181.554" classname="com.SSPWorldWide.Framework.Adviser.Testcases.Invoice_Module"/>
  <testcase name="Invoice_Module_005" time="107.750" classname="com.SSPWorldWide.Framework.Adviser.Testcases.Invoice_Module"/>
  <testcase name="Invoice_Module_006" time="109.706" classname="com.SSPWorldWide.Framework.Adviser.Testcases.Invoice_Module"/>
  <testcase name="Invoice_Module_002" time="43.872" classname="com.SSPWorldWide.Framework.Adviser.Testcases.Invoice_Module"/>
  <testcase name="Invoice_Module_004" time="37.245" classname="com.SSPWorldWide.Framework.Adviser.Testcases.Invoice_Module">
    <error type="com.SSPWorldWide.Framework.Adviser.Exceptions.SeleniumExceptions" message="element with locator : &#039;By.id: InvoiceRecipient_PaymentDueDate&#039; is not a textbox">
      <![CDATA[com.SSPWorldWide.Framework.Adviser.Exceptions.SeleniumExceptions: element with locator : 'By.id: InvoiceRecipient_PaymentDueDate' is not a textbox
	at com.SSPWorldWide.Framework.Adviser.Helper.CommonKeywords.waitForExpectedAndEnterText(CommonKeywords.java:560)
	at com.SSPWorldWide.Framework.Adviser.Helper.CommonKeywords.getWebelementAction(CommonKeywords.java:54)
	at com.SSPWorldWide.Framework.Adviser.ReadExcel.ReadProjectReusables.getActionSteps(ReadProjectReusables.java:122)
	at com.SSPWorldWide.Framework.Adviser.ReadExcel.TestcaseFlow.runSingleTest(TestcaseFlow.java:28)
	at com.SSPWorldWide.Framework.Adviser.Testcases.Invoice_Module.Invoice_Module_004(Invoice_Module.java:20)
	at sun.reflect.NativeMethodAccessorImpl.invoke0(Native Method)
	at sun.reflect.NativeMethodAccessorImpl.invoke(Unknown Source)
	at sun.reflect.DelegatingMethodAccessorImpl.invoke(Unknown Source)
	at java.lang.reflect.Method.invoke(Unknown Source)
	at org.testng.internal.MethodInvocationHelper.invokeMethod(MethodInvocationHelper.java:108)
	at org.testng.internal.Invoker.invokeMethod(Invoker.java:661)
	at org.testng.internal.Invoker.invokeTestMethod(Invoker.java:869)
	at org.testng.internal.Invoker.invokeTestMethods(Invoker.java:1193)
	at org.testng.internal.TestMethodWorker.invokeTestMethods(TestMethodWorker.java:126)
	at org.testng.internal.TestMethodWorker.run(TestMethodWorker.java:109)
	at org.testng.TestRunner.privateRun(TestRunner.java:744)
	at org.testng.TestRunner.run(TestRunner.java:602)
	at org.testng.SuiteRunner.runTest(SuiteRunner.java:380)
	at org.testng.SuiteRunner.runSequentially(SuiteRunner.java:375)
	at org.testng.SuiteRunner.privateRun(SuiteRunner.java:340)
	at org.testng.SuiteRunner.run(SuiteRunner.java:289)
	at org.testng.SuiteRunnerWorker.runSuite(SuiteRunnerWorker.java:52)
	at org.testng.SuiteRunnerWorker.run(SuiteRunnerWorker.java:86)
	at java.util.concurrent.ThreadPoolExecutor.runWorker(Unknown Source)
	at java.util.concurrent.ThreadPoolExecutor$Worker.run(Unknown Source)
	at java.lang.Thread.run(Unknown Source)
]]>
    </error>
  </testcase> <!-- Invoice_Module_004 -->
  <testcase name="Invoice_Module_001" time="53.484" classname="com.SSPWorldWide.Framework.Adviser.Testcases.Invoice_Module"/>
</testsuite> <!-- com.SSPWorldWide.Framework.Adviser.Testcases.Invoice_Module -->
