<?xml version="1.0" encoding="UTF-8"?>
<!-- Generated by org.testng.reporters.JUnitReportReporter -->
<testsuite skipped="0" hostname="IN00302" name="com.VP.Framework.Adviser.Testcases.Exmaple_Scenarios" tests="1" failures="0" timestamp="27 Nov 2017 05:57:30 GMT" time="44.082" errors="0">
  <testcase name="Example_001" time="44.082" classname="com.VP.Framework.Adviser.Testcases.Exmaple_Scenarios"/>
</testsuite> <!-- com.VP.Framework.Adviser.Testcases.Exmaple_Scenarios -->
