<?xml version="1.0" encoding="UTF-8"?>
<!-- Generated by org.testng.reporters.JUnitReportReporter -->
<testsuite skipped="0" hostname="IN00302" name="com.SSPWorldWide.Framework.Adviser.Testcases.Activities_Module" tests="7" failures="0" timestamp="25 Apr 2018 04:00:31 GMT" time="659.633" errors="1">
  <testcase name="Activities_Module_002" time="53.649" classname="com.SSPWorldWide.Framework.Adviser.Testcases.Activities_Module"/>
  <testcase name="Activities_Module_001" time="97.026" classname="com.SSPWorldWide.Framework.Adviser.Testcases.Activities_Module"/>
  <testcase name="Activities_Module_004" time="102.342" classname="com.SSPWorldWide.Framework.Adviser.Testcases.Activities_Module"/>
  <testcase name="Activities_Module_005" time="79.132" classname="com.SSPWorldWide.Framework.Adviser.Testcases.Activities_Module"/>
  <testcase name="Activities_Module_006" time="95.767" classname="com.SSPWorldWide.Framework.Adviser.Testcases.Activities_Module"/>
  <testcase name="Activities_Module_003" time="109.000" classname="com.SSPWorldWide.Framework.Adviser.Testcases.Activities_Module"/>
  <testcase name="Activities_Module_007" time="122.717" classname="com.SSPWorldWide.Framework.Adviser.Testcases.Activities_Module">
    <error type="com.SSPWorldWide.Framework.Adviser.Exceptions.SeleniumExceptions" message="element with value : &#039;By.xpath: //span[contains(text(),&#039;Action - Send Letter&#039;)]&#039; is not clickedExpected condition failed: waiting for element to be clickable: By.xpath: //span[contains(text(),&#039;Action - Send Letter&#039;)] (tried for 30 second(s) with 500 milliseconds interval)">
      <![CDATA[com.SSPWorldWide.Framework.Adviser.Exceptions.SeleniumExceptions: element with value : 'By.xpath: //span[contains(text(),'Action - Send Letter')]' is not clickedExpected condition failed: waiting for element to be clickable: By.xpath: //span[contains(text(),'Action - Send Letter')] (tried for 30 second(s) with 500 milliseconds interval)
	at com.SSPWorldWide.Framework.Adviser.Helper.CommonKeywords.waitForClick(CommonKeywords.java:638)
	at com.SSPWorldWide.Framework.Adviser.Helper.CommonKeywords.getWebelementAction(CommonKeywords.java:62)
	at com.SSPWorldWide.Framework.Adviser.ReadExcel.ReadProjectReusables.getActionSteps(ReadProjectReusables.java:122)
	at com.SSPWorldWide.Framework.Adviser.ReadExcel.TestcaseFlow.runSingleTest(TestcaseFlow.java:28)
	at com.SSPWorldWide.Framework.Adviser.Testcases.Activities_Module.Activities_Module_007(Activities_Module.java:28)
	at sun.reflect.NativeMethodAccessorImpl.invoke0(Native Method)
	at sun.reflect.NativeMethodAccessorImpl.invoke(Unknown Source)
	at sun.reflect.DelegatingMethodAccessorImpl.invoke(Unknown Source)
	at java.lang.reflect.Method.invoke(Unknown Source)
	at org.testng.internal.MethodInvocationHelper.invokeMethod(MethodInvocationHelper.java:108)
	at org.testng.internal.Invoker.invokeMethod(Invoker.java:661)
	at org.testng.internal.Invoker.invokeTestMethod(Invoker.java:869)
	at org.testng.internal.Invoker.invokeTestMethods(Invoker.java:1193)
	at org.testng.internal.TestMethodWorker.invokeTestMethods(TestMethodWorker.java:126)
	at org.testng.internal.TestMethodWorker.run(TestMethodWorker.java:109)
	at org.testng.TestRunner.privateRun(TestRunner.java:744)
	at org.testng.TestRunner.run(TestRunner.java:602)
	at org.testng.SuiteRunner.runTest(SuiteRunner.java:380)
	at org.testng.SuiteRunner.runSequentially(SuiteRunner.java:375)
	at org.testng.SuiteRunner.privateRun(SuiteRunner.java:340)
	at org.testng.SuiteRunner.run(SuiteRunner.java:289)
	at org.testng.SuiteRunnerWorker.runSuite(SuiteRunnerWorker.java:52)
	at org.testng.SuiteRunnerWorker.run(SuiteRunnerWorker.java:86)
	at java.util.concurrent.ThreadPoolExecutor.runWorker(Unknown Source)
	at java.util.concurrent.ThreadPoolExecutor$Worker.run(Unknown Source)
	at java.lang.Thread.run(Unknown Source)
]]>
    </error>
  </testcase> <!-- Activities_Module_007 -->
</testsuite> <!-- com.SSPWorldWide.Framework.Adviser.Testcases.Activities_Module -->
