<?xml version="1.0" encoding="UTF-8"?>
<!-- Generated by org.testng.reporters.JUnitReportReporter -->
<testsuite skipped="0" hostname="IN00302" name="com.SSPWorldWide.Framework.Adviser.Testcases.Login_Module" tests="1" failures="0" timestamp="15 Nov 2017 08:03:40 GMT" time="13.935" errors="0">
  <testcase name="Login_004" time="13.935" classname="com.SSPWorldWide.Framework.Adviser.Testcases.Login_Module"/>
</testsuite> <!-- com.SSPWorldWide.Framework.Adviser.Testcases.Login_Module -->
