<?xml version="1.0" encoding="UTF-8"?>
<!-- Generated by org.testng.reporters.JUnitReportReporter -->
<testsuite skipped="1" hostname="IN00302" name="com.VP.Framework.Adviser.Helper.Launcher" tests="1" failures="0" timestamp="24 Nov 2017 10:18:43 GMT" time="0.001" errors="0">
  <testcase name="launchAutomation" time="0.001" classname="com.VP.Framework.Adviser.Helper.Launcher">
    <skipped/>
  </testcase> <!-- launchAutomation -->
</testsuite> <!-- com.VP.Framework.Adviser.Helper.Launcher -->
