<?xml version="1.0" encoding="UTF-8"?>
<!-- Generated by org.testng.reporters.JUnitReportReporter -->
<testsuite skipped="0" hostname="IN00302" name="com.SSPWorldWide.Framework.Adviser.Helper.Launcher" tests="1" failures="0" timestamp="24 Oct 2017 05:58:18 GMT" time="77.500" errors="0">
  <testcase name="launchAutomation" time="77.500" classname="com.SSPWorldWide.Framework.Adviser.Helper.Launcher"/>
</testsuite> <!-- com.SSPWorldWide.Framework.Adviser.Helper.Launcher -->
