<?xml version="1.0" encoding="UTF-8"?>
<!-- Generated by org.testng.reporters.JUnitReportReporter -->
<testsuite skipped="0" hostname="IN00302" name="com.SSPWorldWide.Framework.Adviser.Helper.Launcher" tests="1" failures="0" timestamp="25 Apr 2018 04:00:36 GMT" time="2919.743" errors="0">
  <testcase name="launchAutomation" time="2919.743" classname="com.SSPWorldWide.Framework.Adviser.Helper.Launcher"/>
</testsuite> <!-- com.SSPWorldWide.Framework.Adviser.Helper.Launcher -->
